---------------------------------------------
1 ROUGE-1 Average_R: 0.12964 (95%-conf.int. 0.10609 - 0.15468)
1 ROUGE-1 Average_P: 0.13895 (95%-conf.int. 0.11603 - 0.16303)
1 ROUGE-1 Average_F: 0.13320 (95%-conf.int. 0.11012 - 0.15688)
.............................................
1 ROUGE-1 Eval D1001-A.M.100.A.1 R:0.00823 P:0.01282 F:0.01002
1 ROUGE-1 Eval D1002-A.M.100.A.1 R:0.07113 P:0.10366 F:0.08437
1 ROUGE-1 Eval D1003-A.M.100.A.1 R:0.02597 P:0.03571 F:0.03007
1 ROUGE-1 Eval D1004-A.M.100.A.1 R:0.07438 P:0.09184 F:0.08219
1 ROUGE-1 Eval D1005-A.M.100.A.1 R:0.02049 P:0.05208 F:0.02941
1 ROUGE-1 Eval D1006-A.M.100.A.1 R:0.11494 P:0.21429 F:0.14962
1 ROUGE-1 Eval D1007-A.M.100.B.1 R:0.01778 P:0.01408 F:0.01572
1 ROUGE-1 Eval D1008-A.M.100.B.1 R:0.11290 P:0.12727 F:0.11966
1 ROUGE-1 Eval D1009-A.M.100.B.1 R:0.01770 P:0.02128 F:0.01933
1 ROUGE-1 Eval D1010-A.M.100.B.1 R:0.16800 P:0.19091 F:0.17872
1 ROUGE-1 Eval D1011-A.M.100.C.1 R:0.12931 P:0.14423 F:0.13636
1 ROUGE-1 Eval D1012-A.M.100.C.1 R:0.29675 P:0.30417 F:0.30041
1 ROUGE-1 Eval D1013-A.M.100.C.1 R:0.12450 P:0.14904 F:0.13567
1 ROUGE-1 Eval D1014-A.M.100.C.1 R:0.09205 P:0.16176 F:0.11733
1 ROUGE-1 Eval D1015-A.M.100.C.1 R:0.02264 P:0.02830 F:0.02516
1 ROUGE-1 Eval D1016-A.M.100.C.1 R:0.15695 P:0.13060 F:0.14257
1 ROUGE-1 Eval D1017-A.M.100.D.1 R:0.15102 P:0.13406 F:0.14204
1 ROUGE-1 Eval D1018-A.M.100.D.1 R:0.17992 P:0.19907 F:0.18901
1 ROUGE-1 Eval D1019-A.M.100.D.1 R:0.09583 P:0.11979 F:0.10648
1 ROUGE-1 Eval D1020-A.M.100.D.1 R:0.01240 P:0.01316 F:0.01277
1 ROUGE-1 Eval D1021-A.M.100.D.1 R:0.19492 P:0.19492 F:0.19492
1 ROUGE-1 Eval D1022-A.M.100.D.1 R:0.28452 P:0.30909 F:0.29630
1 ROUGE-1 Eval D1023-A.M.100.E.1 R:0.13636 P:0.14224 F:0.13924
1 ROUGE-1 Eval D1024-A.M.100.E.1 R:0.13333 P:0.13793 F:0.13559
1 ROUGE-1 Eval D1025-A.M.100.E.1 R:0.21239 P:0.23529 F:0.22325
1 ROUGE-1 Eval D1026-A.M.100.E.1 R:0.03419 P:0.03571 F:0.03493
1 ROUGE-1 Eval D1027-A.M.100.E.1 R:0.00794 P:0.00820 F:0.00807
1 ROUGE-1 Eval D1028-A.M.100.E.1 R:0.10417 P:0.13021 F:0.11574
1 ROUGE-1 Eval D1029-A.M.100.F.1 R:0.12083 P:0.11328 F:0.11693
1 ROUGE-1 Eval D1030-A.M.100.F.1 R:0.02381 P:0.02727 F:0.02542
1 ROUGE-1 Eval D1031-A.M.100.F.1 R:0.13878 P:0.13281 F:0.13573
1 ROUGE-1 Eval D1032-A.M.100.F.1 R:0.31298 P:0.29710 F:0.30483
1 ROUGE-1 Eval D1033-A.M.100.F.1 R:0.12810 P:0.11397 F:0.12062
1 ROUGE-1 Eval D1034-A.M.100.F.1 R:0.06173 P:0.06356 F:0.06263
1 ROUGE-1 Eval D1035-A.M.100.G.1 R:0.13008 P:0.16000 F:0.14350
1 ROUGE-1 Eval D1036-A.M.100.G.1 R:0.21633 P:0.22458 F:0.22038
1 ROUGE-1 Eval D1037-A.M.100.G.1 R:0.13889 P:0.11719 F:0.12712
1 ROUGE-1 Eval D1038-A.M.100.G.1 R:0.10196 P:0.11017 F:0.10591
1 ROUGE-1 Eval D1039-A.M.100.G.1 R:0.27347 P:0.27917 F:0.27629
1 ROUGE-1 Eval D1040-A.M.100.G.1 R:0.22979 P:0.22881 F:0.22930
1 ROUGE-1 Eval D1041-A.M.100.H.1 R:0.13780 P:0.14583 F:0.14170
1 ROUGE-1 Eval D1042-A.M.100.H.1 R:0.22422 P:0.21552 F:0.21978
1 ROUGE-1 Eval D1043-A.M.100.H.1 R:0.20339 P:0.20000 F:0.20168
1 ROUGE-1 Eval D1044-A.M.100.H.1 R:0.19409 P:0.18254 F:0.18814
1 ROUGE-1 Eval D1045-A.M.100.H.1 R:0.18504 P:0.18952 F:0.18725
1 ROUGE-1 Eval D1046-A.M.100.H.1 R:0.15354 P:0.16250 F:0.15789
---------------------------------------------
1 ROUGE-2 Average_R: 0.02244 (95%-conf.int. 0.01596 - 0.02970)
1 ROUGE-2 Average_P: 0.02353 (95%-conf.int. 0.01691 - 0.03109)
1 ROUGE-2 Average_F: 0.02291 (95%-conf.int. 0.01636 - 0.03025)
.............................................
1 ROUGE-2 Eval D1001-A.M.100.A.1 R:0.00000 P:0.00000 F:0.00000
1 ROUGE-2 Eval D1002-A.M.100.A.1 R:0.00000 P:0.00000 F:0.00000
1 ROUGE-2 Eval D1003-A.M.100.A.1 R:0.00000 P:0.00000 F:0.00000
1 ROUGE-2 Eval D1004-A.M.100.A.1 R:0.02101 P:0.02604 F:0.02326
1 ROUGE-2 Eval D1005-A.M.100.A.1 R:0.00000 P:0.00000 F:0.00000
1 ROUGE-2 Eval D1006-A.M.100.A.1 R:0.00778 P:0.01471 F:0.01018
1 ROUGE-2 Eval D1007-A.M.100.B.1 R:0.00000 P:0.00000 F:0.00000
1 ROUGE-2 Eval D1008-A.M.100.B.1 R:0.02049 P:0.02315 F:0.02174
1 ROUGE-2 Eval D1009-A.M.100.B.1 R:0.00000 P:0.00000 F:0.00000
1 ROUGE-2 Eval D1010-A.M.100.B.1 R:0.03659 P:0.04167 F:0.03897
1 ROUGE-2 Eval D1011-A.M.100.C.1 R:0.03509 P:0.03922 F:0.03704
1 ROUGE-2 Eval D1012-A.M.100.C.1 R:0.04545 P:0.04661 F:0.04602
1 ROUGE-2 Eval D1013-A.M.100.C.1 R:0.03265 P:0.03922 F:0.03563
1 ROUGE-2 Eval D1014-A.M.100.C.1 R:0.00000 P:0.00000 F:0.00000
1 ROUGE-2 Eval D1015-A.M.100.C.1 R:0.00000 P:0.00000 F:0.00000
1 ROUGE-2 Eval D1016-A.M.100.C.1 R:0.03196 P:0.02652 F:0.02899
1 ROUGE-2 Eval D1017-A.M.100.D.1 R:0.00830 P:0.00735 F:0.00780
1 ROUGE-2 Eval D1018-A.M.100.D.1 R:0.02553 P:0.02830 F:0.02684
1 ROUGE-2 Eval D1019-A.M.100.D.1 R:0.01271 P:0.01596 F:0.01415
1 ROUGE-2 Eval D1020-A.M.100.D.1 R:0.00420 P:0.00446 F:0.00433
1 ROUGE-2 Eval D1021-A.M.100.D.1 R:0.04310 P:0.04310 F:0.04310
1 ROUGE-2 Eval D1022-A.M.100.D.1 R:0.06809 P:0.07407 F:0.07095
1 ROUGE-2 Eval D1023-A.M.100.E.1 R:0.02101 P:0.02193 F:0.02146
1 ROUGE-2 Eval D1024-A.M.100.E.1 R:0.01695 P:0.01754 F:0.01724
1 ROUGE-2 Eval D1025-A.M.100.E.1 R:0.08559 P:0.09500 F:0.09005
1 ROUGE-2 Eval D1026-A.M.100.E.1 R:0.00000 P:0.00000 F:0.00000
1 ROUGE-2 Eval D1027-A.M.100.E.1 R:0.00000 P:0.00000 F:0.00000
1 ROUGE-2 Eval D1028-A.M.100.E.1 R:0.00000 P:0.00000 F:0.00000
1 ROUGE-2 Eval D1029-A.M.100.F.1 R:0.00424 P:0.00397 F:0.00410
1 ROUGE-2 Eval D1030-A.M.100.F.1 R:0.00806 P:0.00926 F:0.00862
1 ROUGE-2 Eval D1031-A.M.100.F.1 R:0.02075 P:0.01984 F:0.02028
1 ROUGE-2 Eval D1032-A.M.100.F.1 R:0.08527 P:0.08088 F:0.08302
1 ROUGE-2 Eval D1033-A.M.100.F.1 R:0.00000 P:0.00000 F:0.00000
1 ROUGE-2 Eval D1034-A.M.100.F.1 R:0.00000 P:0.00000 F:0.00000
1 ROUGE-2 Eval D1035-A.M.100.G.1 R:0.02066 P:0.02551 F:0.02283
1 ROUGE-2 Eval D1036-A.M.100.G.1 R:0.02905 P:0.03017 F:0.02960
1 ROUGE-2 Eval D1037-A.M.100.G.1 R:0.01887 P:0.01587 F:0.01724
1 ROUGE-2 Eval D1038-A.M.100.G.1 R:0.02789 P:0.03017 F:0.02899
1 ROUGE-2 Eval D1039-A.M.100.G.1 R:0.07884 P:0.08051 F:0.07967
1 ROUGE-2 Eval D1040-A.M.100.G.1 R:0.03463 P:0.03448 F:0.03455
1 ROUGE-2 Eval D1041-A.M.100.H.1 R:0.04400 P:0.04661 F:0.04527
1 ROUGE-2 Eval D1042-A.M.100.H.1 R:0.05936 P:0.05702 F:0.05817
1 ROUGE-2 Eval D1043-A.M.100.H.1 R:0.06034 P:0.05932 F:0.05983
1 ROUGE-2 Eval D1044-A.M.100.H.1 R:0.01717 P:0.01613 F:0.01663
1 ROUGE-2 Eval D1045-A.M.100.H.1 R:0.00400 P:0.00410 F:0.00405
1 ROUGE-2 Eval D1046-A.M.100.H.1 R:0.00800 P:0.00847 F:0.00823
