---------------------------------------------
melda ROUGE-1 Average_R: 0.16827 (95%-conf.int. 0.14558 - 0.19077)
melda ROUGE-1 Average_P: 0.21598 (95%-conf.int. 0.18750 - 0.24521)
melda ROUGE-1 Average_F: 0.18818 (95%-conf.int. 0.16330 - 0.21369)
.............................................
melda ROUGE-1 Eval D1001-A.M.100.A.melda R:0.07819 P:0.10795 F:0.09069
melda ROUGE-1 Eval D1002-A.M.100.A.melda R:0.18828 P:0.25000 F:0.21479
melda ROUGE-1 Eval D1003-A.M.100.A.melda R:0.26407 P:0.21786 F:0.23875
melda ROUGE-1 Eval D1004-A.M.100.A.melda R:0.28099 P:0.32075 F:0.29956
melda ROUGE-1 Eval D1005-A.M.100.A.melda R:0.11066 P:0.17308 F:0.13500
melda ROUGE-1 Eval D1006-A.M.100.A.melda R:0.19923 P:0.26531 F:0.22757
melda ROUGE-1 Eval D1007-A.M.100.B.melda R:0.23556 P:0.26500 F:0.24941
melda ROUGE-1 Eval D1008-A.M.100.B.melda R:0.13710 P:0.18085 F:0.15596
melda ROUGE-1 Eval D1009-A.M.100.B.melda R:0.15044 P:0.18889 F:0.16749
melda ROUGE-1 Eval D1010-A.M.100.B.melda R:0.20400 P:0.28333 F:0.23721
melda ROUGE-1 Eval D1011-A.M.100.C.melda R:0.12500 P:0.21970 F:0.15934
melda ROUGE-1 Eval D1012-A.M.100.C.melda R:0.29268 P:0.32727 F:0.30901
melda ROUGE-1 Eval D1013-A.M.100.C.melda R:0.08835 P:0.11458 F:0.09977
melda ROUGE-1 Eval D1014-A.M.100.C.melda R:0.10879 P:0.13830 F:0.12178
melda ROUGE-1 Eval D1015-A.M.100.C.melda R:0.16226 P:0.20673 F:0.18182
melda ROUGE-1 Eval D1016-A.M.100.C.melda R:0.11659 P:0.15476 F:0.13299
melda ROUGE-1 Eval D1017-A.M.100.D.melda R:0.18367 P:0.24457 F:0.20979
melda ROUGE-1 Eval D1018-A.M.100.D.melda R:0.10042 P:0.12245 F:0.11035
melda ROUGE-1 Eval D1019-A.M.100.D.melda R:0.25417 P:0.30500 F:0.27727
melda ROUGE-1 Eval D1020-A.M.100.D.melda R:0.14463 P:0.18617 F:0.16279
melda ROUGE-1 Eval D1021-A.M.100.D.melda R:0.24576 P:0.30851 F:0.27358
melda ROUGE-1 Eval D1022-A.M.100.D.melda R:0.33473 P:0.46512 F:0.38930
melda ROUGE-1 Eval D1023-A.M.100.E.melda R:0.03306 P:0.03509 F:0.03404
melda ROUGE-1 Eval D1024-A.M.100.E.melda R:0.13333 P:0.20513 F:0.16161
melda ROUGE-1 Eval D1025-A.M.100.E.melda R:0.15044 P:0.12319 F:0.13546
melda ROUGE-1 Eval D1026-A.M.100.E.melda R:0.03419 P:0.05000 F:0.04061
melda ROUGE-1 Eval D1027-A.M.100.E.melda R:0.23810 P:0.34091 F:0.28038
melda ROUGE-1 Eval D1028-A.M.100.E.melda R:0.01667 P:0.02778 F:0.02084
melda ROUGE-1 Eval D1029-A.M.100.F.melda R:0.17500 P:0.25000 F:0.20588
melda ROUGE-1 Eval D1030-A.M.100.F.melda R:0.02778 P:0.03302 F:0.03017
melda ROUGE-1 Eval D1031-A.M.100.F.melda R:0.06531 P:0.09524 F:0.07749
melda ROUGE-1 Eval D1032-A.M.100.F.melda R:0.30916 P:0.39706 F:0.34764
melda ROUGE-1 Eval D1033-A.M.100.F.melda R:0.13223 P:0.17391 F:0.15023
melda ROUGE-1 Eval D1034-A.M.100.F.melda R:0.12757 P:0.14352 F:0.13508
melda ROUGE-1 Eval D1035-A.M.100.G.melda R:0.23577 P:0.32955 F:0.27488
melda ROUGE-1 Eval D1036-A.M.100.G.melda R:0.19592 P:0.25532 F:0.22171
melda ROUGE-1 Eval D1037-A.M.100.G.melda R:0.14352 P:0.18452 F:0.16146
melda ROUGE-1 Eval D1038-A.M.100.G.melda R:0.11765 P:0.18293 F:0.14320
melda ROUGE-1 Eval D1039-A.M.100.G.melda R:0.18367 P:0.25568 F:0.21377
melda ROUGE-1 Eval D1040-A.M.100.G.melda R:0.17872 P:0.23333 F:0.20241
melda ROUGE-1 Eval D1041-A.M.100.H.melda R:0.09843 P:0.13587 F:0.11416
melda ROUGE-1 Eval D1042-A.M.100.H.melda R:0.24215 P:0.30682 F:0.27068
melda ROUGE-1 Eval D1043-A.M.100.H.melda R:0.31356 P:0.40217 F:0.35238
melda ROUGE-1 Eval D1044-A.M.100.H.melda R:0.27848 P:0.27049 F:0.27443
melda ROUGE-1 Eval D1045-A.M.100.H.melda R:0.16535 P:0.27632 F:0.20689
melda ROUGE-1 Eval D1046-A.M.100.H.melda R:0.13386 P:0.18085 F:0.15385
---------------------------------------------
melda ROUGE-2 Average_R: 0.03968 (95%-conf.int. 0.03133 - 0.04946)
melda ROUGE-2 Average_P: 0.05182 (95%-conf.int. 0.04061 - 0.06473)
melda ROUGE-2 Average_F: 0.04474 (95%-conf.int. 0.03529 - 0.05552)
.............................................
melda ROUGE-2 Eval D1001-A.M.100.A.melda R:0.01674 P:0.02326 F:0.01947
melda ROUGE-2 Eval D1002-A.M.100.A.melda R:0.05532 P:0.07386 F:0.06326
melda ROUGE-2 Eval D1003-A.M.100.A.melda R:0.05727 P:0.04710 F:0.05169
melda ROUGE-2 Eval D1004-A.M.100.A.melda R:0.05882 P:0.06731 F:0.06278
melda ROUGE-2 Eval D1005-A.M.100.A.melda R:0.00833 P:0.01316 F:0.01020
melda ROUGE-2 Eval D1006-A.M.100.A.melda R:0.04669 P:0.06250 F:0.05345
melda ROUGE-2 Eval D1007-A.M.100.B.melda R:0.07692 P:0.08673 F:0.08153
melda ROUGE-2 Eval D1008-A.M.100.B.melda R:0.01639 P:0.02174 F:0.01869
melda ROUGE-2 Eval D1009-A.M.100.B.melda R:0.02703 P:0.03409 F:0.03015
melda ROUGE-2 Eval D1010-A.M.100.B.melda R:0.05691 P:0.07955 F:0.06635
melda ROUGE-2 Eval D1011-A.M.100.C.melda R:0.04386 P:0.07812 F:0.05618
melda ROUGE-2 Eval D1012-A.M.100.C.melda R:0.04545 P:0.05093 F:0.04803
melda ROUGE-2 Eval D1013-A.M.100.C.melda R:0.02857 P:0.03723 F:0.03233
melda ROUGE-2 Eval D1014-A.M.100.C.melda R:0.00851 P:0.01087 F:0.00955
melda ROUGE-2 Eval D1015-A.M.100.C.melda R:0.05747 P:0.07353 F:0.06452
melda ROUGE-2 Eval D1016-A.M.100.C.melda R:0.03196 P:0.04268 F:0.03655
melda ROUGE-2 Eval D1017-A.M.100.D.melda R:0.02490 P:0.03333 F:0.02850
melda ROUGE-2 Eval D1018-A.M.100.D.melda R:0.01702 P:0.02083 F:0.01873
melda ROUGE-2 Eval D1019-A.M.100.D.melda R:0.04237 P:0.05102 F:0.04629
melda ROUGE-2 Eval D1020-A.M.100.D.melda R:0.02521 P:0.03261 F:0.02844
melda ROUGE-2 Eval D1021-A.M.100.D.melda R:0.06034 P:0.07609 F:0.06731
melda ROUGE-2 Eval D1022-A.M.100.D.melda R:0.14043 P:0.19643 F:0.16378
melda ROUGE-2 Eval D1023-A.M.100.E.melda R:0.00420 P:0.00446 F:0.00433
melda ROUGE-2 Eval D1024-A.M.100.E.melda R:0.01695 P:0.02632 F:0.02062
melda ROUGE-2 Eval D1025-A.M.100.E.melda R:0.01802 P:0.01471 F:0.01620
melda ROUGE-2 Eval D1026-A.M.100.E.melda R:0.00000 P:0.00000 F:0.00000
melda ROUGE-2 Eval D1027-A.M.100.E.melda R:0.06048 P:0.08721 F:0.07143
melda ROUGE-2 Eval D1028-A.M.100.E.melda R:0.00000 P:0.00000 F:0.00000
melda ROUGE-2 Eval D1029-A.M.100.F.melda R:0.03814 P:0.05488 F:0.04500
melda ROUGE-2 Eval D1030-A.M.100.F.melda R:0.00000 P:0.00000 F:0.00000
melda ROUGE-2 Eval D1031-A.M.100.F.melda R:0.00000 P:0.00000 F:0.00000
melda ROUGE-2 Eval D1032-A.M.100.F.melda R:0.07364 P:0.09500 F:0.08297
melda ROUGE-2 Eval D1033-A.M.100.F.melda R:0.04622 P:0.06111 F:0.05263
melda ROUGE-2 Eval D1034-A.M.100.F.melda R:0.00418 P:0.00472 F:0.00443
melda ROUGE-2 Eval D1035-A.M.100.G.melda R:0.06198 P:0.08721 F:0.07246
melda ROUGE-2 Eval D1036-A.M.100.G.melda R:0.02490 P:0.03261 F:0.02824
melda ROUGE-2 Eval D1037-A.M.100.G.melda R:0.03774 P:0.04878 F:0.04256
melda ROUGE-2 Eval D1038-A.M.100.G.melda R:0.03984 P:0.06250 F:0.04866
melda ROUGE-2 Eval D1039-A.M.100.G.melda R:0.07469 P:0.10465 F:0.08717
melda ROUGE-2 Eval D1040-A.M.100.G.melda R:0.03896 P:0.05114 F:0.04423
melda ROUGE-2 Eval D1041-A.M.100.H.melda R:0.03200 P:0.04444 F:0.03721
melda ROUGE-2 Eval D1042-A.M.100.H.melda R:0.08219 P:0.10465 F:0.09207
melda ROUGE-2 Eval D1043-A.M.100.H.melda R:0.12931 P:0.16667 F:0.14563
melda ROUGE-2 Eval D1044-A.M.100.H.melda R:0.05150 P:0.05000 F:0.05074
melda ROUGE-2 Eval D1045-A.M.100.H.melda R:0.03600 P:0.06081 F:0.04523
melda ROUGE-2 Eval D1046-A.M.100.H.melda R:0.00800 P:0.01087 F:0.00922
